<?xml version="1.0" encoding="UTF-8"?>
<!-- Generated by org.testng.reporters.JUnitReportReporter -->
<testsuite hostname="LAPTOP-6MP81545" failures="0" tests="3" name="Runner.Runner" time="190.369" errors="0" timestamp="2023-11-08T21:18:30 EET" skipped="0">
  <testcase classname="Runner.Runner" name="runScenario" time="45.162"/>
  <testcase classname="Runner.Runner" name="runScenario" time="19.783"/>
  <testcase classname="Runner.Runner" name="runScenario" time="125.424"/>
</testsuite> <!-- Runner.Runner -->
